<?xml version="1.0" encoding="UTF-8"?>
<!-- Generated by org.testng.reporters.JUnitReportReporter -->
<testsuite hostname="User" failures="0" tests="1" name="TestNg_Fail.Facebook_distributer" time="12.394" errors="0" timestamp="2023-08-12T12:59:56 BST" skipped="0">
  <testcase classname="TestNg_Fail.Facebook_distributer" name="facebook" time="12.394"/>
  <system-out/>
</testsuite> <!-- TestNg_Fail.Facebook_distributer -->
