<?xml version="1.0" encoding="UTF-8"?>
<!-- Generated by org.testng.reporters.JUnitReportReporter -->
<testsuite hostname="User" failures="0" tests="1" name="TestNg_Group.Sample2" time="0.002" errors="0" timestamp="2023-08-14T11:51:30 BST" skipped="0">
  <testcase classname="TestNg_Group.Sample2" name="demo4" time="0.002"/>
  <system-out/>
</testsuite> <!-- TestNg_Group.Sample2 -->
