<?xml version="1.0" encoding="UTF-8"?>
<!-- Generated by org.testng.reporters.JUnitReportReporter -->
<testsuite hostname="User" failures="0" tests="1" name="TestNg_Group.Sample1" time="0.013" errors="0" timestamp="2023-08-14T11:51:30 BST" skipped="0">
  <testcase classname="TestNg_Group.Sample1" name="demo1" time="0.013"/>
  <system-out/>
</testsuite> <!-- TestNg_Group.Sample1 -->
