<?xml version="1.0" encoding="UTF-8"?>
<!-- Generated by org.testng.reporters.JUnitReportReporter -->
<testsuite hostname="User" failures="0" tests="3" name="TestNg.Priority" time="0.046" errors="0" timestamp="2023-08-11T13:13:06 BST" skipped="1">
  <testcase classname="TestNg.Priority" name="demo" time="0.038"/>
  <system-out/>
  <testcase classname="TestNg.Priority" name="demo" time="0.008"/>
  <system-out/>
  <testcase classname="TestNg.Priority" name="demo2">
    <skipped/>
  </testcase> <!-- demo2 -->
  <system-out/>
</testsuite> <!-- TestNg.Priority -->
