<?xml version="1.0" encoding="UTF-8"?>
<!-- Generated by org.testng.reporters.JUnitReportReporter -->
<testsuite hostname="User" failures="0" tests="1" name="testNg_parallel.Facebook_distributer" time="10.155" errors="0" timestamp="2023-08-12T12:01:52 BST" skipped="0">
  <testcase classname="testNg_parallel.Facebook_distributer" name="facebook" time="10.155"/>
  <system-out/>
</testsuite> <!-- testNg_parallel.Facebook_distributer -->
