<?xml version="1.0" encoding="UTF-8"?>
<!-- Generated by org.testng.reporters.JUnitReportReporter -->
<testsuite hostname="User" failures="0" tests="2" name="testNg_parallel.CrossBrowser_Amazon" time="26.127" errors="0" timestamp="2023-08-12T12:43:49 BST" skipped="0">
  <testcase classname="testNg_parallel.CrossBrowser_Amazon" name="amazon" time="9.954"/>
  <system-out/>
  <testcase classname="testNg_parallel.CrossBrowser_Amazon" name="amazon" time="16.173"/>
  <system-out/>
</testsuite> <!-- testNg_parallel.CrossBrowser_Amazon -->
