<?xml version="1.0" encoding="UTF-8"?>
<!-- Generated by org.testng.reporters.JUnitReportReporter -->
<testsuite hostname="User" failures="0" tests="2" name="TestNg.Invocation" time="0.012" errors="0" timestamp="2023-08-11T13:13:06 BST" skipped="0">
  <testcase classname="TestNg.Invocation" name="demo2" time="0.004"/>
  <system-out/>
  <testcase classname="TestNg.Invocation" name="demo1" time="0.008"/>
  <system-out/>
</testsuite> <!-- TestNg.Invocation -->
