<?xml version="1.0" encoding="UTF-8"?>
<!-- Generated by org.testng.reporters.JUnitReportReporter -->
<testsuite hostname="User" failures="0" tests="1" name="TestNg_Fail.Amazon_Distributes" time="5.883" errors="0" timestamp="2023-08-12T12:54:48 BST" skipped="0">
  <testcase classname="TestNg_Fail.Amazon_Distributes" name="amazon" time="5.883"/>
  <system-out/>
</testsuite> <!-- TestNg_Fail.Amazon_Distributes -->
